[2026-01-06T04:55:52.420+0000] {taskinstance.py:1956} INFO - Dependencies all met for dep_context=non-requeueable deps ti=<TaskInstance: stock_analysis.run_stock_analysis_serverless_job manual__2026-01-06T04:55:50.665688+00:00 [queued]>
[2026-01-06T04:55:52.435+0000] {taskinstance.py:1956} INFO - Dependencies all met for dep_context=requeueable deps ti=<TaskInstance: stock_analysis.run_stock_analysis_serverless_job manual__2026-01-06T04:55:50.665688+00:00 [queued]>
[2026-01-06T04:55:52.436+0000] {taskinstance.py:2170} INFO - Starting attempt 1 of 3
[2026-01-06T04:55:52.455+0000] {taskinstance.py:2191} INFO - Executing <Task(DatabricksRunNowOperator): run_stock_analysis_serverless_job> on 2026-01-06 04:55:50.665688+00:00
[2026-01-06T04:55:52.462+0000] {standard_task_runner.py:60} INFO - Started process 812 to run task
[2026-01-06T04:55:52.468+0000] {standard_task_runner.py:87} INFO - Running: ['***', 'tasks', 'run', 'stock_analysis', 'run_stock_analysis_serverless_job', 'manual__2026-01-06T04:55:50.665688+00:00', '--job-id', '5', '--raw', '--subdir', 'DAGS_FOLDER/stock_analytics_performance.py', '--cfg-path', '/tmp/tmp9i111zr7']
[2026-01-06T04:55:52.471+0000] {standard_task_runner.py:88} INFO - Job 5: Subtask run_stock_analysis_serverless_job
[2026-01-06T04:55:52.595+0000] {task_command.py:423} INFO - Running <TaskInstance: stock_analysis.run_stock_analysis_serverless_job manual__2026-01-06T04:55:50.665688+00:00 [running]> on host 1fa64e2a05b4
[2026-01-06T04:55:52.702+0000] {taskinstance.py:2480} INFO - Exporting env vars: AIRFLOW_CTX_DAG_OWNER='Gayathri' AIRFLOW_CTX_DAG_ID='stock_analysis' AIRFLOW_CTX_TASK_ID='run_stock_analysis_serverless_job' AIRFLOW_CTX_EXECUTION_DATE='2026-01-06T04:55:50.665688+00:00' AIRFLOW_CTX_TRY_NUMBER='1' AIRFLOW_CTX_DAG_RUN_ID='manual__2026-01-06T04:55:50.665688+00:00'
[2026-01-06T04:55:52.713+0000] {base.py:83} INFO - Using connection ID 'databricks_default' for task execution.
[2026-01-06T04:55:54.414+0000] {databricks.py:66} INFO - Run submitted with run_id: 789615033819341
[2026-01-06T04:55:56.739+0000] {databricks.py:128} INFO - run_stock_analysis_serverless_job in run state: {'life_cycle_state': 'QUEUED', 'result_state': '', 'state_message': ''}
[2026-01-06T04:55:56.741+0000] {databricks.py:129} INFO - View run status, Spark UI, and logs at https://dbc-f6f0285d-6cd9.cloud.databricks.com/?o=3026399427629821#job/558961576002013/run/789615033819341
[2026-01-06T04:55:56.742+0000] {databricks.py:130} INFO - Sleeping for 30 seconds.
[2026-01-06T04:56:27.987+0000] {databricks.py:128} INFO - run_stock_analysis_serverless_job in run state: {'life_cycle_state': 'QUEUED', 'result_state': '', 'state_message': ''}
[2026-01-06T04:56:27.989+0000] {databricks.py:129} INFO - View run status, Spark UI, and logs at https://dbc-f6f0285d-6cd9.cloud.databricks.com/?o=3026399427629821#job/558961576002013/run/789615033819341
[2026-01-06T04:56:27.991+0000] {databricks.py:130} INFO - Sleeping for 30 seconds.
[2026-01-06T04:56:59.229+0000] {databricks.py:128} INFO - run_stock_analysis_serverless_job in run state: {'life_cycle_state': 'QUEUED', 'result_state': '', 'state_message': ''}
[2026-01-06T04:56:59.231+0000] {databricks.py:129} INFO - View run status, Spark UI, and logs at https://dbc-f6f0285d-6cd9.cloud.databricks.com/?o=3026399427629821#job/558961576002013/run/789615033819341
[2026-01-06T04:56:59.233+0000] {databricks.py:130} INFO - Sleeping for 30 seconds.
[2026-01-06T04:57:30.508+0000] {databricks.py:128} INFO - run_stock_analysis_serverless_job in run state: {'life_cycle_state': 'QUEUED', 'result_state': '', 'state_message': ''}
[2026-01-06T04:57:30.510+0000] {databricks.py:129} INFO - View run status, Spark UI, and logs at https://dbc-f6f0285d-6cd9.cloud.databricks.com/?o=3026399427629821#job/558961576002013/run/789615033819341
[2026-01-06T04:57:30.512+0000] {databricks.py:130} INFO - Sleeping for 30 seconds.
[2026-01-06T04:58:01.835+0000] {databricks.py:128} INFO - run_stock_analysis_serverless_job in run state: {'life_cycle_state': 'RUNNING', 'result_state': '', 'state_message': ''}
[2026-01-06T04:58:01.839+0000] {databricks.py:129} INFO - View run status, Spark UI, and logs at https://dbc-f6f0285d-6cd9.cloud.databricks.com/?o=3026399427629821#job/558961576002013/run/789615033819341
[2026-01-06T04:58:01.842+0000] {databricks.py:130} INFO - Sleeping for 30 seconds.
[2026-01-06T04:58:33.128+0000] {databricks.py:128} INFO - run_stock_analysis_serverless_job in run state: {'life_cycle_state': 'RUNNING', 'result_state': '', 'state_message': ''}
[2026-01-06T04:58:33.129+0000] {databricks.py:129} INFO - View run status, Spark UI, and logs at https://dbc-f6f0285d-6cd9.cloud.databricks.com/?o=3026399427629821#job/558961576002013/run/789615033819341
[2026-01-06T04:58:33.130+0000] {databricks.py:130} INFO - Sleeping for 30 seconds.
[2026-01-06T04:59:04.389+0000] {databricks.py:128} INFO - run_stock_analysis_serverless_job in run state: {'life_cycle_state': 'RUNNING', 'result_state': '', 'state_message': ''}
[2026-01-06T04:59:04.391+0000] {databricks.py:129} INFO - View run status, Spark UI, and logs at https://dbc-f6f0285d-6cd9.cloud.databricks.com/?o=3026399427629821#job/558961576002013/run/789615033819341
[2026-01-06T04:59:04.393+0000] {databricks.py:130} INFO - Sleeping for 30 seconds.
[2026-01-06T04:59:35.686+0000] {databricks.py:77} INFO - run_stock_analysis_serverless_job completed successfully.
[2026-01-06T04:59:35.689+0000] {databricks.py:78} INFO - View run status, Spark UI, and logs at https://dbc-f6f0285d-6cd9.cloud.databricks.com/?o=3026399427629821#job/558961576002013/run/789615033819341
[2026-01-06T04:59:35.710+0000] {taskinstance.py:1138} INFO - Marking task as SUCCESS. dag_id=stock_analysis, task_id=run_stock_analysis_serverless_job, execution_date=20260106T045550, start_date=20260106T045552, end_date=20260106T045935
[2026-01-06T04:59:35.791+0000] {local_task_job_runner.py:234} INFO - Task exited with return code 0
[2026-01-06T04:59:35.821+0000] {taskinstance.py:3280} INFO - 0 downstream tasks scheduled from follow-on schedule check
