[2026-01-06T02:45:52.748+0000] {taskinstance.py:1956} INFO - Dependencies all met for dep_context=non-requeueable deps ti=<TaskInstance: stock_analysis.run_stock_analysis_serverless_job manual__2026-01-06T02:45:51.585449+00:00 [queued]>
[2026-01-06T02:45:52.763+0000] {taskinstance.py:1956} INFO - Dependencies all met for dep_context=requeueable deps ti=<TaskInstance: stock_analysis.run_stock_analysis_serverless_job manual__2026-01-06T02:45:51.585449+00:00 [queued]>
[2026-01-06T02:45:52.764+0000] {taskinstance.py:2170} INFO - Starting attempt 1 of 3
[2026-01-06T02:45:52.783+0000] {taskinstance.py:2191} INFO - Executing <Task(DatabricksRunNowOperator): run_stock_analysis_serverless_job> on 2026-01-06 02:45:51.585449+00:00
[2026-01-06T02:45:52.791+0000] {standard_task_runner.py:60} INFO - Started process 219 to run task
[2026-01-06T02:45:52.796+0000] {standard_task_runner.py:87} INFO - Running: ['***', 'tasks', 'run', 'stock_analysis', 'run_stock_analysis_serverless_job', 'manual__2026-01-06T02:45:51.585449+00:00', '--job-id', '3', '--raw', '--subdir', 'DAGS_FOLDER/stock_analytics_performance.py', '--cfg-path', '/tmp/tmp4jp1jwq5']
[2026-01-06T02:45:52.801+0000] {standard_task_runner.py:88} INFO - Job 3: Subtask run_stock_analysis_serverless_job
[2026-01-06T02:45:52.951+0000] {task_command.py:423} INFO - Running <TaskInstance: stock_analysis.run_stock_analysis_serverless_job manual__2026-01-06T02:45:51.585449+00:00 [running]> on host 1fa64e2a05b4
[2026-01-06T02:45:53.089+0000] {taskinstance.py:2480} INFO - Exporting env vars: AIRFLOW_CTX_DAG_OWNER='Gayathri' AIRFLOW_CTX_DAG_ID='stock_analysis' AIRFLOW_CTX_TASK_ID='run_stock_analysis_serverless_job' AIRFLOW_CTX_EXECUTION_DATE='2026-01-06T02:45:51.585449+00:00' AIRFLOW_CTX_TRY_NUMBER='1' AIRFLOW_CTX_DAG_RUN_ID='manual__2026-01-06T02:45:51.585449+00:00'
[2026-01-06T02:45:53.105+0000] {base.py:83} INFO - Using connection ID 'databricks_default' for task execution.
[2026-01-06T02:45:54.902+0000] {databricks.py:66} INFO - Run submitted with run_id: 196584664774194
[2026-01-06T02:45:57.345+0000] {databricks.py:128} INFO - run_stock_analysis_serverless_job in run state: {'life_cycle_state': 'RUNNING', 'result_state': '', 'state_message': ''}
[2026-01-06T02:45:57.348+0000] {databricks.py:129} INFO - View run status, Spark UI, and logs at https://dbc-f6f0285d-6cd9.cloud.databricks.com/?o=3026399427629821#job/558961576002013/run/196584664774194
[2026-01-06T02:45:57.350+0000] {databricks.py:130} INFO - Sleeping for 30 seconds.
[2026-01-06T02:46:28.695+0000] {databricks.py:128} INFO - run_stock_analysis_serverless_job in run state: {'life_cycle_state': 'RUNNING', 'result_state': '', 'state_message': ''}
[2026-01-06T02:46:28.698+0000] {databricks.py:129} INFO - View run status, Spark UI, and logs at https://dbc-f6f0285d-6cd9.cloud.databricks.com/?o=3026399427629821#job/558961576002013/run/196584664774194
[2026-01-06T02:46:28.699+0000] {databricks.py:130} INFO - Sleeping for 30 seconds.
[2026-01-06T02:47:00.118+0000] {databricks.py:128} INFO - run_stock_analysis_serverless_job in run state: {'life_cycle_state': 'RUNNING', 'result_state': '', 'state_message': ''}
[2026-01-06T02:47:00.120+0000] {databricks.py:129} INFO - View run status, Spark UI, and logs at https://dbc-f6f0285d-6cd9.cloud.databricks.com/?o=3026399427629821#job/558961576002013/run/196584664774194
[2026-01-06T02:47:00.121+0000] {databricks.py:130} INFO - Sleeping for 30 seconds.
[2026-01-06T02:47:31.372+0000] {databricks.py:128} INFO - run_stock_analysis_serverless_job in run state: {'life_cycle_state': 'RUNNING', 'result_state': '', 'state_message': ''}
[2026-01-06T02:47:31.375+0000] {databricks.py:129} INFO - View run status, Spark UI, and logs at https://dbc-f6f0285d-6cd9.cloud.databricks.com/?o=3026399427629821#job/558961576002013/run/196584664774194
[2026-01-06T02:47:31.376+0000] {databricks.py:130} INFO - Sleeping for 30 seconds.
[2026-01-06T02:48:02.691+0000] {databricks.py:77} INFO - run_stock_analysis_serverless_job completed successfully.
[2026-01-06T02:48:02.692+0000] {databricks.py:78} INFO - View run status, Spark UI, and logs at https://dbc-f6f0285d-6cd9.cloud.databricks.com/?o=3026399427629821#job/558961576002013/run/196584664774194
[2026-01-06T02:48:02.710+0000] {taskinstance.py:1138} INFO - Marking task as SUCCESS. dag_id=stock_analysis, task_id=run_stock_analysis_serverless_job, execution_date=20260106T024551, start_date=20260106T024552, end_date=20260106T024802
[2026-01-06T02:48:02.749+0000] {local_task_job_runner.py:234} INFO - Task exited with return code 0
[2026-01-06T02:48:02.771+0000] {taskinstance.py:3280} INFO - 0 downstream tasks scheduled from follow-on schedule check
