[2025-12-29T12:04:55.265+0000] {taskinstance.py:1956} INFO - Dependencies all met for dep_context=non-requeueable deps ti=<TaskInstance: stock_analysis.run_stock_analysis_serverless_job manual__2025-12-29T12:04:52.363755+00:00 [queued]>
[2025-12-29T12:04:55.288+0000] {taskinstance.py:1956} INFO - Dependencies all met for dep_context=requeueable deps ti=<TaskInstance: stock_analysis.run_stock_analysis_serverless_job manual__2025-12-29T12:04:52.363755+00:00 [queued]>
[2025-12-29T12:04:55.291+0000] {taskinstance.py:2170} INFO - Starting attempt 1 of 3
[2025-12-29T12:04:55.324+0000] {taskinstance.py:2191} INFO - Executing <Task(DatabricksRunNowOperator): run_stock_analysis_serverless_job> on 2025-12-29 12:04:52.363755+00:00
[2025-12-29T12:04:55.332+0000] {standard_task_runner.py:60} INFO - Started process 192 to run task
[2025-12-29T12:04:55.339+0000] {standard_task_runner.py:87} INFO - Running: ['***', 'tasks', 'run', 'stock_analysis', 'run_stock_analysis_serverless_job', 'manual__2025-12-29T12:04:52.363755+00:00', '--job-id', '2', '--raw', '--subdir', 'DAGS_FOLDER/stock_analytics_performance.py', '--cfg-path', '/tmp/tmprhq8rrcq']
[2025-12-29T12:04:55.345+0000] {standard_task_runner.py:88} INFO - Job 2: Subtask run_stock_analysis_serverless_job
[2025-12-29T12:04:55.547+0000] {task_command.py:423} INFO - Running <TaskInstance: stock_analysis.run_stock_analysis_serverless_job manual__2025-12-29T12:04:52.363755+00:00 [running]> on host 3b302c407a95
[2025-12-29T12:04:55.756+0000] {taskinstance.py:2480} INFO - Exporting env vars: AIRFLOW_CTX_DAG_OWNER='Gayathri' AIRFLOW_CTX_DAG_ID='stock_analysis' AIRFLOW_CTX_TASK_ID='run_stock_analysis_serverless_job' AIRFLOW_CTX_EXECUTION_DATE='2025-12-29T12:04:52.363755+00:00' AIRFLOW_CTX_TRY_NUMBER='1' AIRFLOW_CTX_DAG_RUN_ID='manual__2025-12-29T12:04:52.363755+00:00'
[2025-12-29T12:04:55.782+0000] {base.py:83} INFO - Using connection ID 'databricks_default' for task execution.
[2025-12-29T12:04:57.282+0000] {databricks.py:66} INFO - Run submitted with run_id: 618169993100205
[2025-12-29T12:04:59.902+0000] {databricks.py:128} INFO - run_stock_analysis_serverless_job in run state: {'life_cycle_state': 'RUNNING', 'result_state': '', 'state_message': ''}
[2025-12-29T12:04:59.906+0000] {databricks.py:129} INFO - View run status, Spark UI, and logs at https://dbc-f6f0285d-6cd9.cloud.databricks.com/?o=3026399427629821#job/558961576002013/run/618169993100205
[2025-12-29T12:04:59.908+0000] {databricks.py:130} INFO - Sleeping for 30 seconds.
[2025-12-29T12:05:31.287+0000] {databricks.py:128} INFO - run_stock_analysis_serverless_job in run state: {'life_cycle_state': 'RUNNING', 'result_state': '', 'state_message': ''}
[2025-12-29T12:05:31.293+0000] {databricks.py:129} INFO - View run status, Spark UI, and logs at https://dbc-f6f0285d-6cd9.cloud.databricks.com/?o=3026399427629821#job/558961576002013/run/618169993100205
[2025-12-29T12:05:31.295+0000] {databricks.py:130} INFO - Sleeping for 30 seconds.
[2025-12-29T12:06:02.753+0000] {databricks.py:128} INFO - run_stock_analysis_serverless_job in run state: {'life_cycle_state': 'RUNNING', 'result_state': '', 'state_message': ''}
[2025-12-29T12:06:02.759+0000] {databricks.py:129} INFO - View run status, Spark UI, and logs at https://dbc-f6f0285d-6cd9.cloud.databricks.com/?o=3026399427629821#job/558961576002013/run/618169993100205
[2025-12-29T12:06:02.764+0000] {databricks.py:130} INFO - Sleeping for 30 seconds.
[2025-12-29T12:06:34.187+0000] {databricks.py:128} INFO - run_stock_analysis_serverless_job in run state: {'life_cycle_state': 'RUNNING', 'result_state': '', 'state_message': ''}
[2025-12-29T12:06:34.195+0000] {databricks.py:129} INFO - View run status, Spark UI, and logs at https://dbc-f6f0285d-6cd9.cloud.databricks.com/?o=3026399427629821#job/558961576002013/run/618169993100205
[2025-12-29T12:06:34.196+0000] {databricks.py:130} INFO - Sleeping for 30 seconds.
[2025-12-29T12:07:05.562+0000] {databricks.py:77} INFO - run_stock_analysis_serverless_job completed successfully.
[2025-12-29T12:07:05.566+0000] {databricks.py:78} INFO - View run status, Spark UI, and logs at https://dbc-f6f0285d-6cd9.cloud.databricks.com/?o=3026399427629821#job/558961576002013/run/618169993100205
[2025-12-29T12:07:05.596+0000] {taskinstance.py:1138} INFO - Marking task as SUCCESS. dag_id=stock_analysis, task_id=run_stock_analysis_serverless_job, execution_date=20251229T120452, start_date=20251229T120455, end_date=20251229T120705
[2025-12-29T12:07:05.683+0000] {local_task_job_runner.py:234} INFO - Task exited with return code 0
[2025-12-29T12:07:05.717+0000] {taskinstance.py:3280} INFO - 0 downstream tasks scheduled from follow-on schedule check
