[2026-01-06T02:47:27.120+0000] {taskinstance.py:1956} INFO - Dependencies all met for dep_context=non-requeueable deps ti=<TaskInstance: stock_analysis.run_stock_analysis_serverless_job manual__2026-01-06T02:42:20.637374+00:00 [queued]>
[2026-01-06T02:47:27.138+0000] {taskinstance.py:1956} INFO - Dependencies all met for dep_context=requeueable deps ti=<TaskInstance: stock_analysis.run_stock_analysis_serverless_job manual__2026-01-06T02:42:20.637374+00:00 [queued]>
[2026-01-06T02:47:27.139+0000] {taskinstance.py:2170} INFO - Starting attempt 2 of 3
[2026-01-06T02:47:27.175+0000] {taskinstance.py:2191} INFO - Executing <Task(DatabricksRunNowOperator): run_stock_analysis_serverless_job> on 2026-01-06 02:42:20.637374+00:00
[2026-01-06T02:47:27.185+0000] {standard_task_runner.py:60} INFO - Started process 236 to run task
[2026-01-06T02:47:27.194+0000] {standard_task_runner.py:87} INFO - Running: ['***', 'tasks', 'run', 'stock_analysis', 'run_stock_analysis_serverless_job', 'manual__2026-01-06T02:42:20.637374+00:00', '--job-id', '4', '--raw', '--subdir', 'DAGS_FOLDER/stock_analytics_performance.py', '--cfg-path', '/tmp/tmptuem0dmt']
[2026-01-06T02:47:27.200+0000] {standard_task_runner.py:88} INFO - Job 4: Subtask run_stock_analysis_serverless_job
[2026-01-06T02:47:27.360+0000] {task_command.py:423} INFO - Running <TaskInstance: stock_analysis.run_stock_analysis_serverless_job manual__2026-01-06T02:42:20.637374+00:00 [running]> on host 1fa64e2a05b4
[2026-01-06T02:47:27.500+0000] {taskinstance.py:2480} INFO - Exporting env vars: AIRFLOW_CTX_DAG_OWNER='Gayathri' AIRFLOW_CTX_DAG_ID='stock_analysis' AIRFLOW_CTX_TASK_ID='run_stock_analysis_serverless_job' AIRFLOW_CTX_EXECUTION_DATE='2026-01-06T02:42:20.637374+00:00' AIRFLOW_CTX_TRY_NUMBER='2' AIRFLOW_CTX_DAG_RUN_ID='manual__2026-01-06T02:42:20.637374+00:00'
[2026-01-06T02:47:27.514+0000] {base.py:83} INFO - Using connection ID 'databricks_default' for task execution.
[2026-01-06T02:47:29.091+0000] {databricks.py:66} INFO - Run submitted with run_id: 851908333678170
[2026-01-06T02:47:31.655+0000] {databricks.py:128} INFO - run_stock_analysis_serverless_job in run state: {'life_cycle_state': 'QUEUED', 'result_state': '', 'state_message': ''}
[2026-01-06T02:47:31.657+0000] {databricks.py:129} INFO - View run status, Spark UI, and logs at https://dbc-f6f0285d-6cd9.cloud.databricks.com/?o=3026399427629821#job/558961576002013/run/851908333678170
[2026-01-06T02:47:31.659+0000] {databricks.py:130} INFO - Sleeping for 30 seconds.
[2026-01-06T02:48:02.894+0000] {databricks.py:128} INFO - run_stock_analysis_serverless_job in run state: {'life_cycle_state': 'RUNNING', 'result_state': '', 'state_message': ''}
[2026-01-06T02:48:02.896+0000] {databricks.py:129} INFO - View run status, Spark UI, and logs at https://dbc-f6f0285d-6cd9.cloud.databricks.com/?o=3026399427629821#job/558961576002013/run/851908333678170
[2026-01-06T02:48:02.897+0000] {databricks.py:130} INFO - Sleeping for 30 seconds.
[2026-01-06T02:48:34.114+0000] {databricks.py:128} INFO - run_stock_analysis_serverless_job in run state: {'life_cycle_state': 'RUNNING', 'result_state': '', 'state_message': ''}
[2026-01-06T02:48:34.116+0000] {databricks.py:129} INFO - View run status, Spark UI, and logs at https://dbc-f6f0285d-6cd9.cloud.databricks.com/?o=3026399427629821#job/558961576002013/run/851908333678170
[2026-01-06T02:48:34.117+0000] {databricks.py:130} INFO - Sleeping for 30 seconds.
[2026-01-06T02:49:05.402+0000] {databricks.py:128} INFO - run_stock_analysis_serverless_job in run state: {'life_cycle_state': 'RUNNING', 'result_state': '', 'state_message': ''}
[2026-01-06T02:49:05.404+0000] {databricks.py:129} INFO - View run status, Spark UI, and logs at https://dbc-f6f0285d-6cd9.cloud.databricks.com/?o=3026399427629821#job/558961576002013/run/851908333678170
[2026-01-06T02:49:05.405+0000] {databricks.py:130} INFO - Sleeping for 30 seconds.
[2026-01-06T02:49:36.680+0000] {databricks.py:77} INFO - run_stock_analysis_serverless_job completed successfully.
[2026-01-06T02:49:36.683+0000] {databricks.py:78} INFO - View run status, Spark UI, and logs at https://dbc-f6f0285d-6cd9.cloud.databricks.com/?o=3026399427629821#job/558961576002013/run/851908333678170
[2026-01-06T02:49:36.714+0000] {taskinstance.py:1138} INFO - Marking task as SUCCESS. dag_id=stock_analysis, task_id=run_stock_analysis_serverless_job, execution_date=20260106T024220, start_date=20260106T024727, end_date=20260106T024936
[2026-01-06T02:49:36.795+0000] {local_task_job_runner.py:234} INFO - Task exited with return code 0
[2026-01-06T02:49:36.820+0000] {taskinstance.py:3280} INFO - 0 downstream tasks scheduled from follow-on schedule check
