[2026-01-05T14:08:47.477+0000] {taskinstance.py:1956} INFO - Dependencies all met for dep_context=non-requeueable deps ti=<TaskInstance: stock_analysis.run_stock_analysis_serverless_job manual__2026-01-05T14:08:45.386487+00:00 [queued]>
[2026-01-05T14:08:47.495+0000] {taskinstance.py:1956} INFO - Dependencies all met for dep_context=requeueable deps ti=<TaskInstance: stock_analysis.run_stock_analysis_serverless_job manual__2026-01-05T14:08:45.386487+00:00 [queued]>
[2026-01-05T14:08:47.497+0000] {taskinstance.py:2170} INFO - Starting attempt 1 of 3
[2026-01-05T14:08:47.520+0000] {taskinstance.py:2191} INFO - Executing <Task(DatabricksRunNowOperator): run_stock_analysis_serverless_job> on 2026-01-05 14:08:45.386487+00:00
[2026-01-05T14:08:47.528+0000] {standard_task_runner.py:60} INFO - Started process 213 to run task
[2026-01-05T14:08:47.534+0000] {standard_task_runner.py:87} INFO - Running: ['***', 'tasks', 'run', 'stock_analysis', 'run_stock_analysis_serverless_job', 'manual__2026-01-05T14:08:45.386487+00:00', '--job-id', '2', '--raw', '--subdir', 'DAGS_FOLDER/stock_analytics_performance.py', '--cfg-path', '/tmp/tmp9j1s9wys']
[2026-01-05T14:08:47.540+0000] {standard_task_runner.py:88} INFO - Job 2: Subtask run_stock_analysis_serverless_job
[2026-01-05T14:08:47.712+0000] {task_command.py:423} INFO - Running <TaskInstance: stock_analysis.run_stock_analysis_serverless_job manual__2026-01-05T14:08:45.386487+00:00 [running]> on host e3266ccc7f9d
[2026-01-05T14:08:47.874+0000] {taskinstance.py:2480} INFO - Exporting env vars: AIRFLOW_CTX_DAG_OWNER='Gayathri' AIRFLOW_CTX_DAG_ID='stock_analysis' AIRFLOW_CTX_TASK_ID='run_stock_analysis_serverless_job' AIRFLOW_CTX_EXECUTION_DATE='2026-01-05T14:08:45.386487+00:00' AIRFLOW_CTX_TRY_NUMBER='1' AIRFLOW_CTX_DAG_RUN_ID='manual__2026-01-05T14:08:45.386487+00:00'
[2026-01-05T14:08:47.893+0000] {base.py:83} INFO - Using connection ID 'databricks_default' for task execution.
[2026-01-05T14:08:50.083+0000] {databricks.py:66} INFO - Run submitted with run_id: 1013308719552142
[2026-01-05T14:08:52.586+0000] {databricks.py:128} INFO - run_stock_analysis_serverless_job in run state: {'life_cycle_state': 'RUNNING', 'result_state': '', 'state_message': ''}
[2026-01-05T14:08:52.589+0000] {databricks.py:129} INFO - View run status, Spark UI, and logs at https://dbc-f6f0285d-6cd9.cloud.databricks.com/?o=3026399427629821#job/558961576002013/run/1013308719552142
[2026-01-05T14:08:52.590+0000] {databricks.py:130} INFO - Sleeping for 30 seconds.
[2026-01-05T14:09:23.647+0000] {databricks.py:128} INFO - run_stock_analysis_serverless_job in run state: {'life_cycle_state': 'RUNNING', 'result_state': '', 'state_message': ''}
[2026-01-05T14:09:23.652+0000] {databricks.py:129} INFO - View run status, Spark UI, and logs at https://dbc-f6f0285d-6cd9.cloud.databricks.com/?o=3026399427629821#job/558961576002013/run/1013308719552142
[2026-01-05T14:09:23.653+0000] {databricks.py:130} INFO - Sleeping for 30 seconds.
[2026-01-05T14:09:54.761+0000] {databricks.py:128} INFO - run_stock_analysis_serverless_job in run state: {'life_cycle_state': 'RUNNING', 'result_state': '', 'state_message': ''}
[2026-01-05T14:09:54.765+0000] {databricks.py:129} INFO - View run status, Spark UI, and logs at https://dbc-f6f0285d-6cd9.cloud.databricks.com/?o=3026399427629821#job/558961576002013/run/1013308719552142
[2026-01-05T14:09:54.766+0000] {databricks.py:130} INFO - Sleeping for 30 seconds.
[2026-01-05T14:10:25.862+0000] {databricks.py:128} INFO - run_stock_analysis_serverless_job in run state: {'life_cycle_state': 'RUNNING', 'result_state': '', 'state_message': ''}
[2026-01-05T14:10:25.866+0000] {databricks.py:129} INFO - View run status, Spark UI, and logs at https://dbc-f6f0285d-6cd9.cloud.databricks.com/?o=3026399427629821#job/558961576002013/run/1013308719552142
[2026-01-05T14:10:25.867+0000] {databricks.py:130} INFO - Sleeping for 30 seconds.
[2026-01-05T14:10:56.907+0000] {databricks.py:77} INFO - run_stock_analysis_serverless_job completed successfully.
[2026-01-05T14:10:56.910+0000] {databricks.py:78} INFO - View run status, Spark UI, and logs at https://dbc-f6f0285d-6cd9.cloud.databricks.com/?o=3026399427629821#job/558961576002013/run/1013308719552142
[2026-01-05T14:10:56.938+0000] {taskinstance.py:1138} INFO - Marking task as SUCCESS. dag_id=stock_analysis, task_id=run_stock_analysis_serverless_job, execution_date=20260105T140845, start_date=20260105T140847, end_date=20260105T141056
[2026-01-05T14:10:57.004+0000] {local_task_job_runner.py:234} INFO - Task exited with return code 0
[2026-01-05T14:10:57.038+0000] {taskinstance.py:3280} INFO - 0 downstream tasks scheduled from follow-on schedule check
